<?xml version="1.0" encoding="UTF-8"?>
<!-- Generated by org.testng.reporters.JUnitReportReporter -->
<testsuite hostname="LAPTOP-5CK4J9DQ" failures="0" tests="1" name="com.amazon.registrationTest.RegistrationTest" time="5.367" errors="0" timestamp="2023-12-07T01:50:09 EST" skipped="0">
  <testcase classname="com.amazon.registrationTest.RegistrationTest" name="aloResgistrtion" time="5.367"/>
</testsuite> <!-- com.amazon.registrationTest.RegistrationTest -->
